0 info it worked if it ends with ok
1 verbose cli [ '/usr/local/bin/node', '/usr/local/bin/npm', 'link' ]
2 info using npm@1.1.62
3 info using node@v0.8.10
4 verbose linkPkg /home/nickolay/workspace/JavaScript/Joose
5 verbose read json /home/nickolay/workspace/JavaScript/Joose/package.json
6 error Error: ENOENT, open '/home/nickolay/workspace/JavaScript/Joose/package.json'
7 error If you need help, you may report this log at:
7 error     <http://github.com/isaacs/npm/issues>
7 error or email it to:
7 error     <npm-@googlegroups.com>
8 error System Linux 3.2.0-31-generic
9 error command "/usr/local/bin/node" "/usr/local/bin/npm" "link"
10 error cwd /home/nickolay/workspace/JavaScript/Joose
11 error node -v v0.8.10
12 error npm -v 1.1.62
13 error path /home/nickolay/workspace/JavaScript/Joose/package.json
14 error code ENOENT
15 error errno 34
16 verbose exit [ 34, true ]
